{
  "RSpec": {
    "coverage": {
      "/home/bruno/social_network-api/app/models/user.rb": {
        "lines": [
          1,
          null,
          null,
          1,
          null,
          1,
          1,
          null,
          1,
          null,
          0,
          null,
          null,
          null,
          null,
          1,
          0,
          null,
          null
        ]
      },
      "/home/bruno/social_network-api/app/models/application_record.rb": {
        "lines": [
          1,
          1,
          null
        ]
      },
      "/home/bruno/social_network-api/app/controllers/users_controller.rb": {
        "lines": [
          1,
          1,
          2,
          2,
          1,
          1,
          1,
          null,
          null,
          2,
          1,
          1,
          null,
          null,
          null,
          null,
          1,
          3,
          3,
          2,
          2,
          2,
          null,
          null,
          3,
          1,
          1,
          null,
          null,
          null,
          null,
          1,
          3,
          3,
          2,
          2,
          2,
          null,
          null,
          3,
          1,
          1,
          null,
          null,
          null,
          null,
          1,
          0,
          0,
          null,
          null
        ]
      },
      "/home/bruno/social_network-api/app/controllers/api_controller.rb": {
        "lines": [
          1,
          1,
          null,
          1,
          15,
          null,
          7,
          null,
          null
        ]
      },
      "/home/bruno/social_network-api/app/controllers/application_controller.rb": {
        "lines": [
          1,
          null
        ]
      },
      "/home/bruno/social_network-api/app/controllers/comments_controller.rb": {
        "lines": [
          1,
          1,
          2,
          2,
          2,
          2,
          2,
          null,
          null,
          2,
          0,
          null,
          null,
          null,
          null,
          1,
          0,
          0,
          0,
          0,
          0,
          null,
          null,
          0,
          0,
          null,
          null,
          null,
          null,
          1,
          0,
          0,
          0,
          0,
          0,
          null,
          null,
          0,
          0,
          null,
          null,
          null,
          null,
          1,
          0,
          0,
          0,
          0,
          0,
          null,
          null,
          0,
          0,
          null,
          null,
          null,
          null
        ]
      },
      "/home/bruno/social_network-api/app/services/comment_services/create.rb": {
        "lines": [
          1,
          1,
          1,
          2,
          2,
          null,
          null,
          1,
          2,
          0,
          0,
          null,
          null,
          1,
          null,
          1,
          2,
          2,
          2,
          2,
          2,
          null,
          2,
          2,
          2,
          null,
          null,
          2,
          null,
          null,
          1,
          0,
          0,
          0,
          null,
          0,
          null,
          null,
          1,
          null,
          0,
          null,
          null,
          null,
          null,
          null,
          null,
          null
        ]
      },
      "/home/bruno/social_network-api/app/services/social_network_services.rb": {
        "lines": [
          1,
          1,
          1,
          1,
          null,
          1,
          13,
          13,
          9,
          null,
          null,
          null,
          null,
          null,
          13,
          null,
          13,
          9,
          null,
          null,
          13,
          13,
          null,
          0,
          null,
          null,
          null,
          1,
          null,
          1,
          13,
          null,
          null,
          1,
          7,
          null,
          null,
          1,
          13,
          13,
          null,
          13,
          13,
          13,
          null,
          13,
          null,
          null,
          null,
          1,
          13,
          13,
          null,
          8,
          null,
          null
        ]
      },
      "/home/bruno/social_network-api/app/models/comment.rb": {
        "lines": [
          1,
          1,
          1,
          1,
          null,
          1,
          null,
          0,
          null,
          null,
          null,
          null,
          null
        ]
      },
      "/home/bruno/social_network-api/app/models/publication.rb": {
        "lines": [
          1,
          1,
          1,
          null,
          1,
          null,
          1,
          null,
          null,
          null,
          1,
          1,
          null,
          null,
          1,
          null,
          0,
          null,
          null,
          null,
          0,
          0,
          0,
          0,
          null,
          null,
          1,
          0,
          null,
          null
        ]
      },
      "/home/bruno/social_network-api/app/controllers/publications_controller.rb": {
        "lines": [
          1,
          1,
          2,
          2,
          1,
          1,
          1,
          null,
          null,
          2,
          1,
          null,
          null,
          null,
          null,
          1,
          0,
          0,
          0,
          0,
          0,
          null,
          null,
          0,
          0,
          null,
          null,
          null,
          null,
          1,
          0,
          0,
          0,
          0,
          0,
          null,
          null,
          0,
          0,
          null,
          null,
          null,
          null,
          1,
          0,
          0,
          0,
          0,
          0,
          null,
          null,
          0,
          0,
          null,
          null,
          null,
          null,
          null,
          1,
          0,
          0,
          0,
          0,
          0,
          null,
          null,
          0,
          0,
          null,
          null,
          null,
          null,
          1,
          1,
          1,
          1,
          1,
          1,
          null,
          null,
          1,
          0,
          null,
          null,
          null,
          null,
          null
        ]
      },
      "/home/bruno/social_network-api/app/services/publication_services/create.rb": {
        "lines": [
          1,
          1,
          1,
          2,
          2,
          null,
          null,
          1,
          2,
          1,
          1,
          null,
          null,
          1,
          null,
          1,
          2,
          2,
          2,
          2,
          null,
          2,
          null,
          null,
          1,
          1,
          1,
          1,
          1,
          null,
          null,
          1,
          null,
          1,
          null,
          null,
          null,
          null,
          null,
          null,
          null
        ]
      },
      "/home/bruno/social_network-api/app/services/publication_services/destroy.rb": {
        "lines": [
          1,
          1,
          1,
          1,
          1,
          null,
          null,
          1,
          1,
          1,
          0,
          0,
          0,
          null,
          null,
          1,
          null,
          1,
          1,
          1,
          null,
          1,
          null,
          null,
          1,
          1,
          1,
          0,
          null,
          1,
          null,
          null,
          null,
          1,
          0,
          null,
          0,
          null,
          null,
          1,
          0,
          0,
          null,
          0,
          null,
          null,
          null,
          null
        ]
      },
      "/home/bruno/social_network-api/app/services/user_services/register.rb": {
        "lines": [
          1,
          1,
          1,
          2,
          null,
          null,
          1,
          2,
          1,
          1,
          null,
          null,
          1,
          1,
          2,
          2,
          2,
          2,
          2,
          null,
          2,
          2,
          2,
          null,
          2,
          2,
          null,
          2,
          2,
          null,
          null,
          2,
          null,
          null,
          1,
          1,
          1,
          1,
          null,
          0,
          null,
          null,
          null,
          1,
          null,
          1,
          null,
          null,
          null,
          null,
          null,
          null,
          null,
          null
        ]
      },
      "/home/bruno/social_network-api/app/services/user_services/signin.rb": {
        "lines": [
          1,
          1,
          1,
          3,
          null,
          null,
          1,
          3,
          3,
          2,
          1,
          null,
          null,
          1,
          null,
          1,
          3,
          3,
          3,
          null,
          3,
          null,
          null,
          1,
          3,
          3,
          null,
          1,
          null,
          null,
          1,
          2,
          null,
          1,
          null,
          null,
          1,
          null,
          1,
          null,
          null,
          null,
          null,
          null,
          null,
          null,
          null
        ]
      },
      "/home/bruno/social_network-api/app/services/user_services/update.rb": {
        "lines": [
          1,
          1,
          1,
          3,
          3,
          null,
          null,
          1,
          3,
          2,
          1,
          1,
          null,
          null,
          1,
          null,
          1,
          3,
          3,
          3,
          3,
          3,
          3,
          null,
          3,
          3,
          3,
          null,
          3,
          3,
          null,
          3,
          3,
          null,
          null,
          3,
          null,
          null,
          1,
          2,
          null,
          1,
          null,
          null,
          1,
          1,
          1,
          1,
          null,
          0,
          null,
          null,
          1,
          null,
          1,
          null,
          null,
          null,
          null,
          null,
          null,
          null,
          null,
          null
        ]
      },
      "/home/bruno/social_network-api/app/serializers/user_serializer.rb": {
        "lines": [
          0,
          0,
          0,
          0,
          0
        ],
        "branches": {
        }
      },
      "/home/bruno/social_network-api/app/serializers/comment_serializer.rb": {
        "lines": [
          0,
          0,
          0,
          0,
          0,
          0
        ],
        "branches": {
        }
      },
      "/home/bruno/social_network-api/app/serializers/publication_serializer.rb": {
        "lines": [
          0,
          0,
          0,
          0
        ],
        "branches": {
        }
      },
      "/home/bruno/social_network-api/app/mailers/application_mailer.rb": {
        "lines": [
          0,
          0,
          0,
          0
        ],
        "branches": {
        }
      },
      "/home/bruno/social_network-api/app/channels/application_cable/connection.rb": {
        "lines": [
          0,
          0,
          0,
          0
        ],
        "branches": {
        }
      },
      "/home/bruno/social_network-api/app/channels/application_cable/channel.rb": {
        "lines": [
          0,
          0,
          0,
          0
        ],
        "branches": {
        }
      },
      "/home/bruno/social_network-api/app/jobs/application_job.rb": {
        "lines": [
          0,
          null,
          null,
          null,
          null,
          null,
          0
        ],
        "branches": {
        }
      },
      "/home/bruno/social_network-api/app/services/comment_services/destroy.rb": {
        "lines": [
          0,
          0,
          0,
          0,
          0,
          0,
          null,
          0,
          0,
          0,
          0,
          0,
          0,
          0,
          null,
          0,
          null,
          0,
          0,
          0,
          0,
          0,
          0,
          null,
          0,
          0,
          0,
          0,
          0,
          0,
          0,
          0,
          null,
          0,
          0,
          null,
          0,
          0,
          null,
          0,
          0,
          0,
          0,
          0,
          0,
          0,
          0,
          0
        ],
        "branches": {
        }
      },
      "/home/bruno/social_network-api/app/services/comment_services/update.rb": {
        "lines": [
          0,
          0,
          0,
          0,
          0,
          0,
          null,
          0,
          0,
          0,
          0,
          0,
          0,
          0,
          null,
          0,
          null,
          0,
          0,
          0,
          0,
          0,
          0,
          0,
          0,
          null,
          0,
          0,
          0,
          0,
          0,
          0,
          0,
          0,
          null,
          0,
          0,
          0,
          0,
          0,
          0,
          0,
          null,
          0,
          0,
          0,
          0,
          0,
          0,
          0,
          null,
          0,
          0,
          0,
          0,
          0,
          0,
          0,
          0
        ],
        "branches": {
        }
      },
      "/home/bruno/social_network-api/app/services/comment_services/show.rb": {
        "lines": [
          0,
          0,
          0,
          0,
          0,
          null,
          0,
          0,
          0,
          0,
          0,
          null,
          0,
          null,
          0,
          0,
          0,
          0,
          0,
          0,
          null,
          0,
          0,
          0,
          null,
          0,
          0,
          null,
          0,
          0,
          0,
          0,
          0,
          0,
          0,
          0
        ],
        "branches": {
        }
      },
      "/home/bruno/social_network-api/app/services/publication_services/get_publication_user.rb": {
        "lines": [
          0,
          0,
          0,
          0,
          0,
          0,
          null,
          0,
          0,
          0,
          0,
          0,
          null,
          0,
          null,
          0,
          0,
          0,
          0,
          0,
          0,
          0,
          null,
          0,
          0,
          0,
          0,
          0,
          null,
          0,
          0,
          0,
          0,
          0,
          null
        ],
        "branches": {
        }
      },
      "/home/bruno/social_network-api/app/services/publication_services/get_all.rb": {
        "lines": [
          0,
          0,
          0,
          0,
          0,
          null,
          0,
          0,
          0,
          0,
          0,
          null,
          0,
          null,
          0,
          0,
          0,
          0,
          0,
          0,
          0,
          null,
          0,
          0,
          0,
          0,
          0,
          null,
          0,
          0,
          0,
          0,
          0
        ],
        "branches": {
        }
      },
      "/home/bruno/social_network-api/app/services/publication_services/update.rb": {
        "lines": [
          0,
          0,
          0,
          0,
          0,
          0,
          null,
          0,
          0,
          0,
          0,
          0,
          0,
          0,
          null,
          0,
          null,
          0,
          0,
          0,
          0,
          0,
          0,
          0,
          0,
          0,
          null,
          0,
          0,
          0,
          0,
          null,
          0,
          0,
          0,
          0,
          0,
          0,
          0,
          null,
          0,
          0,
          null,
          0,
          0,
          null,
          0,
          0,
          0,
          0,
          0,
          0,
          0,
          0
        ],
        "branches": {
        }
      },
      "/home/bruno/social_network-api/app/services/publication_services/show.rb": {
        "lines": [
          0,
          0,
          0,
          0,
          0,
          null,
          0,
          0,
          0,
          0,
          0,
          null,
          0,
          null,
          0,
          0,
          0,
          0,
          0,
          0,
          null,
          0,
          0,
          0,
          null,
          0,
          0,
          null,
          0,
          0,
          0,
          0,
          0,
          0,
          0,
          0
        ],
        "branches": {
        }
      }
    },
    "timestamp": 1691961627
  }
}
